<?xml version="1.0" encoding="UTF-8"?>
<testng-results skipped="0" failed="0" total="2" passed="2">
  <reporter-output>
  </reporter-output>
  <suite name="Suite" duration-ms="119425" started-at="2020-09-23T12:50:58Z" finished-at="2020-09-23T12:52:58Z">
    <groups>
    </groups>
    <test name="Amazon" duration-ms="119425" started-at="2020-09-23T12:50:58Z" finished-at="2020-09-23T12:52:58Z">
      <class name="testCases.LoginTest">
        <test-method status="PASS" signature="signIn(java.lang.String, java.lang.String)[pri:0, instance:testCases.LoginTest@ae45eb6]" name="signIn" duration-ms="47040" started-at="2020-09-23T18:20:59Z" data-provider="getExcelData" finished-at="2020-09-23T18:21:46Z">
          <params>
            <param index="0">
              <value>
                <![CDATA[testsiddu@gmail.com]]>
              </value>
            </param>
            <param index="1">
              <value>
                <![CDATA[siddu123]]>
              </value>
            </param>
          </params>
          <reporter-output>
          </reporter-output>
        </test-method> <!-- signIn -->
      </class> <!-- testCases.LoginTest -->
      <class name="testCases.SearchProduct">
        <test-method status="PASS" signature="searchProduct(java.lang.String)[pri:0, instance:testCases.SearchProduct@6f7fd0e6]" name="searchProduct" duration-ms="71401" started-at="2020-09-23T18:21:46Z" data-provider="getExcelData" finished-at="2020-09-23T18:22:58Z">
          <params>
            <param index="0">
              <value>
                <![CDATA[65 inch Tv]]>
              </value>
            </param>
          </params>
          <reporter-output>
          </reporter-output>
        </test-method> <!-- searchProduct -->
      </class> <!-- testCases.SearchProduct -->
    </test> <!-- Amazon -->
  </suite> <!-- Suite -->
</testng-results>
